<?xml version="1.0" encoding="UTF-8"?>
<testsuite xmlns:xsi="http://www.w3.org/2001/XMLSchema-instance" xsi:noNamespaceSchemaLocation="https://maven.apache.org/surefire/maven-surefire-plugin/xsd/surefire-test-report.xsd" version="3.0.2" name="com.practice.user_management.UserManagementTaskApplicationTests" time="20.741" tests="1" errors="0" skipped="0" failures="0">
  <properties>
[...]
</properties>
  <testcase name="contextLoads" classname="com.practice.user_management.UserManagementTaskApplicationTests" time="2.299">
    <system-out><![CDATA[22:57:04.605 [main] INFO org.springframework.test.context.support.AnnotationConfigContextLoaderUtils -- Could not detect default configuration classes for test class [com.practice.user_management.UserManagementTaskApplicationTests]: UserManagementTaskApplicationTests does not declare any static, non-private, non-final, nested classes annotated with @Configuration.
22:57:05.197 [main] INFO org.springframework.boot.test.context.SpringBootTestContextBootstrapper -- Found @SpringBootConfiguration com.practice.user_management.UserManagementTaskApplication for test class com.practice.user_management.UserManagementTaskApplicationTests

  .   ____          _            __ _ _
 /\\ / ___'_ __ _ _(_)_ __  __ _ \ \ \ \
( ( )\___ | '_ | '_| | '_ \/ _` | \ \ \ \
 \\/  ___)| |_)| | | | | || (_| |  ) ) ) )
  '  |____| .__|_| |_|_| |_\__, | / / / /
 =========|_|==============|___/=/_/_/_/

 :: Spring Boot ::                (v3.4.2)

2025-02-02T22:57:06.961+05:30  INFO 18872 --- [user-management-Task] [           main] c.p.u.UserManagementTaskApplicationTests : Starting UserManagementTaskApplicationTests using Java 17.0.13 with PID 18872 (started by Welcome in D:\backepproject\user-management-Task)
2025-02-02T22:57:06.961+05:30  INFO 18872 --- [user-management-Task] [           main] c.p.u.UserManagementTaskApplicationTests : No active profile set, falling back to 1 default profile: "default"
2025-02-02T22:57:07.096+05:30 DEBUG 18872 --- [user-management-Task] [           main] o.s.w.c.s.GenericWebApplicationContext   : Refreshing org.springframework.web.context.support.GenericWebApplicationContext@4a67318f
2025-02-02T22:57:11.068+05:30  INFO 18872 --- [user-management-Task] [           main] .s.d.r.c.RepositoryConfigurationDelegate : Bootstrapping Spring Data JPA repositories in DEFAULT mode.
2025-02-02T22:57:11.504+05:30  INFO 18872 --- [user-management-Task] [           main] .s.d.r.c.RepositoryConfigurationDelegate : Finished Spring Data repository scanning in 398 ms. Found 1 JPA repository interface.
2025-02-02T22:57:13.463+05:30  INFO 18872 --- [user-management-Task] [           main] o.hibernate.jpa.internal.util.LogHelper  : HHH000204: Processing PersistenceUnitInfo [name: default]
2025-02-02T22:57:13.695+05:30  INFO 18872 --- [user-management-Task] [           main] org.hibernate.Version                    : HHH000412: Hibernate ORM core version 6.6.5.Final
2025-02-02T22:57:13.816+05:30  INFO 18872 --- [user-management-Task] [           main] o.h.c.internal.RegionFactoryInitiator    : HHH000026: Second-level cache disabled
2025-02-02T22:57:15.113+05:30  INFO 18872 --- [user-management-Task] [           main] o.s.o.j.p.SpringPersistenceUnitInfo      : No LoadTimeWeaver setup: ignoring JPA class transformer
2025-02-02T22:57:15.177+05:30  INFO 18872 --- [user-management-Task] [           main] com.zaxxer.hikari.HikariDataSource       : HikariPool-1 - Starting...
2025-02-02T22:57:15.619+05:30  INFO 18872 --- [user-management-Task] [           main] com.zaxxer.hikari.pool.HikariPool        : HikariPool-1 - Added connection conn0: url=jdbc:h2:mem:testdb user=SA
2025-02-02T22:57:15.619+05:30  INFO 18872 --- [user-management-Task] [           main] com.zaxxer.hikari.HikariDataSource       : HikariPool-1 - Start completed.
2025-02-02T22:57:15.684+05:30  WARN 18872 --- [user-management-Task] [           main] org.hibernate.orm.deprecation            : HHH90000025: H2Dialect does not need to be specified explicitly using 'hibernate.dialect' (remove the property setting and it will be selected by default)
2025-02-02T22:57:15.776+05:30  INFO 18872 --- [user-management-Task] [           main] org.hibernate.orm.connections.pooling    : HHH10001005: Database info:
	Database JDBC URL [Connecting through datasource 'HikariDataSource (HikariPool-1)']
	Database driver: undefined/unknown
	Database version: 2.3.232
	Autocommit mode: undefined/unknown
	Isolation level: undefined/unknown
	Minimum pool size: undefined/unknown
	Maximum pool size: undefined/unknown
2025-02-02T22:57:17.886+05:30  INFO 18872 --- [user-management-Task] [           main] o.h.e.t.j.p.i.JtaPlatformInitiator       : HHH000489: No JTA platform available (set 'hibernate.transaction.jta.platform' to enable JTA platform integration)
2025-02-02T22:57:18.012+05:30  INFO 18872 --- [user-management-Task] [           main] j.LocalContainerEntityManagerFactoryBean : Initialized JPA EntityManagerFactory for persistence unit 'default'
2025-02-02T22:57:19.105+05:30  WARN 18872 --- [user-management-Task] [           main] JpaBaseConfiguration$JpaWebConfiguration : spring.jpa.open-in-view is enabled by default. Therefore, database queries may be performed during view rendering. Explicitly configure spring.jpa.open-in-view to disable this warning
2025-02-02T22:57:19.342+05:30  INFO 18872 --- [user-management-Task] [           main] r$InitializeUserDetailsManagerConfigurer : Global AuthenticationManager configured with UserDetailsService bean with name userDetailsService
2025-02-02T22:57:19.706+05:30 DEBUG 18872 --- [user-management-Task] [           main] s.w.s.m.m.a.RequestMappingHandlerMapping : 11 mappings in 'requestMappingHandlerMapping'
2025-02-02T22:57:20.121+05:30 DEBUG 18872 --- [user-management-Task] [           main] o.s.w.s.handler.SimpleUrlHandlerMapping  : Patterns [/webjars/**, /**, /swagger-ui*/*swagger-initializer.js, /swagger-ui*/**] in 'resourceHandlerMapping'
2025-02-02T22:57:21.076+05:30 DEBUG 18872 --- [user-management-Task] [           main] s.w.s.m.m.a.RequestMappingHandlerAdapter : ControllerAdvice beans: 0 @ModelAttribute, 0 @InitBinder, 1 RequestBodyAdvice, 1 ResponseBodyAdvice
2025-02-02T22:57:21.402+05:30 DEBUG 18872 --- [user-management-Task] [           main] .m.m.a.ExceptionHandlerExceptionResolver : ControllerAdvice beans: 2 @ExceptionHandler, 1 ResponseBodyAdvice
2025-02-02T22:57:21.946+05:30  INFO 18872 --- [user-management-Task] [           main] o.s.b.a.h2.H2ConsoleAutoConfiguration    : H2 console available at '/h2-console'. Database available at 'jdbc:h2:mem:testdb'
2025-02-02T22:57:22.193+05:30  INFO 18872 --- [user-management-Task] [           main] c.p.u.UserManagementTaskApplicationTests : Started UserManagementTaskApplicationTests in 16.535 seconds (process running for 20.043)
]]></system-out>
  </testcase>
</testsuite>